<?xml version="1.0" encoding="UTF-8"?>
<!-- Generated by org.testng.reporters.JUnitReportReporter -->
<testsuite skipped="0" hostname="DESKTOP-U9BEVS1" name="com.NopEcommerce.Testcase.TC_Login_002" tests="1" failures="0" timestamp="2021-07-31T15:39:00 IST" time="14.948" errors="0">
  <testcase name="login_feature" time="14.948" classname="com.NopEcommerce.Testcase.TC_Login_002"/>
  <system-out/>
</testsuite> <!-- com.NopEcommerce.Testcase.TC_Login_002 -->
